<?xml version="1.0" encoding="UTF-8"?>
<!-- Generated by org.testng.reporters.JUnitXMLReporter -->
<testsuite hostname="HYDPCM283953L" ignored="0" name="Surefire test" tests="5" failures="0" timestamp="09 Jan 2020 15:52:59 GMT" time="15.842" errors="0">
  <testcase name="testApp on testApp(com.poc.springbootstrap.AppTest)" time="0.017" classname="com.poc.springbootstrap.AppTest"/>
  <testcase name="simpleUriHello on simpleUriHello(com.poc.springbootstrap.SpringBootBootstrapLiveTest)" time="11.626" classname="com.poc.springbootstrap.SpringBootBootstrapLiveTest"/>
  <testcase name="simpleUriHome on simpleUriHome(com.poc.springbootstrap.SpringBootBootstrapLiveTest)" time="11.639" classname="com.poc.springbootstrap.SpringBootBootstrapLiveTest"/>
  <testcase name="simpleUriRoot on simpleUriRoot(com.poc.springbootstrap.SpringBootBootstrapLiveTest)" time="12.498" classname="com.poc.springbootstrap.SpringBootBootstrapLiveTest"/>
  <testcase name="contextLoads on contextLoads(com.poc.springbootstrap.SpringContextTest)" time="2.251" classname="com.poc.springbootstrap.SpringContextTest"/>
</testsuite> <!-- Surefire test -->
