<?xml version="1.0" encoding="UTF-8"?>
<testsuite xmlns:xsi="http://www.w3.org/2001/XMLSchema-instance" xsi:noNamespaceSchemaLocation="https://maven.apache.org/surefire/maven-surefire-plugin/xsd/surefire-test-report.xsd" name="TestSuite" time="17.226" tests="5" errors="0" skipped="0" failures="0">
  <properties>
[...]
</properties>
  <testcase name="testApp on testApp(com.poc.springbootstrap.AppTest)" classname="com.poc.springbootstrap.AppTest" time="0.002"/>
  <testcase name="simpleUriHello on simpleUriHello(com.poc.springbootstrap.SpringBootBootstrapLiveTest)" classname="com.poc.springbootstrap.SpringBootBootstrapLiveTest" time="0.722"/>
  <testcase name="simpleUriHome on simpleUriHome(com.poc.springbootstrap.SpringBootBootstrapLiveTest)" classname="com.poc.springbootstrap.SpringBootBootstrapLiveTest" time="0.049"/>
  <testcase name="simpleUriRoot on simpleUriRoot(com.poc.springbootstrap.SpringBootBootstrapLiveTest)" classname="com.poc.springbootstrap.SpringBootBootstrapLiveTest" time="0.864"/>
  <testcase name="contextLoads on contextLoads(com.poc.springbootstrap.SpringContextTest)" classname="com.poc.springbootstrap.SpringContextTest" time="0.005"/>
</testsuite>